processing ../test-data/corpus.silence-removed/Style_Reading ...
generating data ...
bob MFCC 19 6000 40
calculating features...
time elapsed:  1.54538297653
nmixture:  2
training ...
time elapsed:  4.11114001274
predicting...
time elapsed:  11.3747799397
574/800 0.72
nmixture:  4
training ...
time elapsed:  22.4465470314
predicting...
time elapsed:  12.8020288944
553/800 0.69
nmixture:  8
training ...
time elapsed:  33.4381480217
predicting...
time elapsed:  10.2017741203
654/800 0.82
nmixture:  16
training ...
time elapsed:  56.4159090519
predicting...
time elapsed:  9.67908787727
750/800 0.94
nmixture:  32
training ...
time elapsed:  77.0483160019
predicting...
time elapsed:  4.95913100243
767/800 0.96
nmixture:  64
training ...
time elapsed:  135.602062941
predicting...
time elapsed:  6.51717114449
764/800 0.95
['../test-data/corpus.silence-removed/Style_Reading']
(20, 30, 5, 40)
