2
processing ../test-data/corpus.silence-removed/Style_Reading ...
generating data ...
calculating features...
time elapsed:  0.676745891571
training ...
time elapsed:  4.67956399918
predicting...
time elapsed:  0.113747119904
['../test-data/corpus.silence-removed/Style_Reading']
(2, 30, 5, 100)
4
processing ../test-data/corpus.silence-removed/Style_Reading ...
generating data ...
calculating features...
time elapsed:  1.19654107094
training ...
time elapsed:  8.00542092323
predicting...
time elapsed:  0.343002796173
383/400 0.9575
['../test-data/corpus.silence-removed/Style_Reading']
(4, 30, 5, 100)
6
processing ../test-data/corpus.silence-removed/Style_Reading ...
generating data ...
calculating features...
time elapsed:  1.60887289047
training ...
time elapsed:  14.0888981819
predicting...
time elapsed:  1.08910918236
590/600 0.9833
['../test-data/corpus.silence-removed/Style_Reading']
(6, 30, 5, 100)
8
processing ../test-data/corpus.silence-removed/Style_Reading ...
generating data ...
calculating features...
time elapsed:  2.30488491058
training ...
time elapsed:  21.8106539249
predicting...
time elapsed:  1.88644003868
726/800 0.9075
['../test-data/corpus.silence-removed/Style_Reading']
(8, 30, 5, 100)
10
processing ../test-data/corpus.silence-removed/Style_Reading ...
generating data ...
calculating features...
time elapsed:  3.15096116066
training ...
time elapsed:  36.5076880455
predicting...
time elapsed:  3.2811498642
932/1000 0.9320
['../test-data/corpus.silence-removed/Style_Reading']
(10, 30, 5, 100)
12
processing ../test-data/corpus.silence-removed/Style_Reading ...
generating data ...
calculating features...
time elapsed:  3.6282389164
training ...
time elapsed:  33.3089110851
predicting...
time elapsed:  4.33586287498
987/1200 0.8225
['../test-data/corpus.silence-removed/Style_Reading']
(12, 30, 5, 100)
14
processing ../test-data/corpus.silence-removed/Style_Reading ...
generating data ...
calculating features...
time elapsed:  4.12651205063
training ...
time elapsed:  38.1698610783
predicting...
time elapsed:  5.86387896538
1367/1400 0.9764
['../test-data/corpus.silence-removed/Style_Reading']
(14, 30, 5, 100)
16
processing ../test-data/corpus.silence-removed/Style_Reading ...
generating data ...
calculating features...
time elapsed:  4.84200310707
training ...
time elapsed:  52.9505498409
predicting...
time elapsed:  7.83561110497
1564/1600 0.9775
['../test-data/corpus.silence-removed/Style_Reading']
(16, 30, 5, 100)
18
processing ../test-data/corpus.silence-removed/Style_Reading ...
generating data ...
calculating features...
time elapsed:  5.45660209656
training ...
time elapsed:  53.5965869427
predicting...
time elapsed:  10.0712020397
1656/1800 0.9200
['../test-data/corpus.silence-removed/Style_Reading']
(18, 30, 5, 100)
20
processing ../test-data/corpus.silence-removed/Style_Reading ...
generating data ...
calculating features...
time elapsed:  6.35636401176
training ...
time elapsed:  59.2768900394
predicting...
time elapsed:  12.1902520657
1832/2000 0.9160
['../test-data/corpus.silence-removed/Style_Reading']
(20, 30, 5, 100)
25
processing ../test-data/corpus.silence-removed/Style_Reading ...
generating data ...
calculating features...
time elapsed:  7.46732211113
training ...
time elapsed:  74.9622550011
predicting...
time elapsed:  18.960943222
2233/2500 0.8932
['../test-data/corpus.silence-removed/Style_Reading']
(25, 30, 5, 100)
30
processing ../test-data/corpus.silence-removed/Style_Reading ...
generating data ...
calculating features...
time elapsed:  9.03382611275
training ...
time elapsed:  93.3922510147
predicting...
time elapsed:  28.5184841156
2694/3000 0.8980
['../test-data/corpus.silence-removed/Style_Reading']
(30, 30, 5, 100)
40
processing ../test-data/corpus.silence-removed/Style_Reading ...
generating data ...
calculating features...
time elapsed:  12.0191369057
training ...
time elapsed:  124.908885956
predicting...
time elapsed:  49.5096030235
3616/4000 0.9040
['../test-data/corpus.silence-removed/Style_Reading']
(40, 30, 5, 100)
