2
processing ../corpus.silence-removed/Style_Reading/ ...
generating data ...
calculating features...
time elapsed:  0.518579006195
training ...
time elapsed:  7.35901808739
predicting...
time elapsed:  0.275561094284
200/200 1.0000
['../corpus.silence-removed/Style_Reading/']
(2, 30, 5, 100)
4
processing ../corpus.silence-removed/Style_Reading/ ...
generating data ...
calculating features...
time elapsed:  0.720466136932
training ...
time elapsed:  15.4876568317
predicting...
time elapsed:  0.638844966888
389/400 0.9725
['../corpus.silence-removed/Style_Reading/']
(4, 30, 5, 100)
6
processing ../corpus.silence-removed/Style_Reading/ ...
generating data ...
calculating features...
time elapsed:  0.942738056183
training ...
time elapsed:  21.4296848774
predicting...
time elapsed:  1.14215111732
592/600 0.9867
['../corpus.silence-removed/Style_Reading/']
(6, 30, 5, 100)
8
processing ../corpus.silence-removed/Style_Reading/ ...
generating data ...
calculating features...
time elapsed:  1.13206601143
training ...
time elapsed:  28.3399300575
predicting...
time elapsed:  1.84630703926
795/800 0.9938
['../corpus.silence-removed/Style_Reading/']
(8, 30, 5, 100)
10
processing ../corpus.silence-removed/Style_Reading/ ...
generating data ...
calculating features...
time elapsed:  1.44786190987
training ...
time elapsed:  37.0876688957
predicting...
time elapsed:  2.79764318466
994/1000 0.9940
['../corpus.silence-removed/Style_Reading/']
(10, 30, 5, 100)
12
processing ../corpus.silence-removed/Style_Reading/ ...
generating data ...
calculating features...
time elapsed:  1.77458715439
training ...
time elapsed:  42.9867458344
predicting...
time elapsed:  3.72947096825
1165/1200 0.9708
['../corpus.silence-removed/Style_Reading/']
(12, 30, 5, 100)
14
processing ../corpus.silence-removed/Style_Reading/ ...
generating data ...
calculating features...
time elapsed:  1.87979602814
training ...
time elapsed:  51.481400013
predicting...
time elapsed:  5.08225297928
1376/1400 0.9829
['../corpus.silence-removed/Style_Reading/']
(14, 30, 5, 100)
16
processing ../corpus.silence-removed/Style_Reading/ ...
generating data ...
calculating features...
time elapsed:  2.22936296463
training ...
time elapsed:  59.0138828754
predicting...
time elapsed:  6.40225100517
1434/1600 0.8962
['../corpus.silence-removed/Style_Reading/']
(16, 30, 5, 100)
18
processing ../corpus.silence-removed/Style_Reading/ ...
generating data ...
calculating features...
